# do {eyeriss_qgl_compile.do}
# ** Warning: (vlib-34) Library already exists at "modelsim_lib/work".
# 
# ** Warning: (vlib-34) Library already exists at "modelsim_lib/msim".
# 
# ** Warning: (vlib-34) Library already exists at "modelsim_lib/msim/xil_defaultlib".
# 
# Model Technology ModelSim SE-64 vmap 10.4 Lib Mapping Utility 2014.12 Dec  3 2014
# vmap -modelsim_quiet xil_defaultlib modelsim_lib/msim/xil_defaultlib 
# Modifying modelsim.ini
# Model Technology ModelSim SE-64 vlog 10.4 Compiler 2014.12 Dec  3 2014
# Start time: 21:02:30 on Oct 04,2023
# vlog -64 -incr -work xil_defaultlib ../../../../../../../GNNacc/eyeriss/conv1_3.v ../../../../../../../GNNacc/eyeriss/eyeriss_qgl.v 
# ** Error (suppressible): ../../../../../../../GNNacc/eyeriss/conv1_3.v(11): (vlog-2388) 'Out' already declared in this scope (conv1_3).
# 
# ** Error (suppressible): ../../../../../../../GNNacc/eyeriss/conv1_3.v(12): (vlog-2388) 'out_you' already declared in this scope (conv1_3).
# 
# ** Error (suppressible): ../../../../../../../GNNacc/eyeriss/conv1_3.v(13): (vlog-2388) 'out_youshang' already declared in this scope (conv1_3).
# 
# ** Error (suppressible): ../../../../../../../GNNacc/eyeriss/eyeriss_qgl.v(10): (vlog-2388) 'out1' already declared in this scope (eyeriss_qgl).
# 
# ** Error (suppressible): ../../../../../../../GNNacc/eyeriss/eyeriss_qgl.v(10): (vlog-2388) 'out2' already declared in this scope (eyeriss_qgl).
# 
# ** Error (suppressible): ../../../../../../../GNNacc/eyeriss/eyeriss_qgl.v(10): (vlog-2388) 'out3' already declared in this scope (eyeriss_qgl).
# 
# End time: 21:02:30 on Oct 04,2023, Elapsed time: 0:00:00
# Errors: 6, Warnings: 0
# ** Error: E:/modelsim-win64-10.4-se/win64/vlog failed.
# Error in macro ./eyeriss_qgl_compile.do line 19
# E:/modelsim-win64-10.4-se/win64/vlog failed.
#     while executing
# "vlog -64 -incr -work xil_defaultlib  \
# "../../../../../../../GNNacc/eyeriss/conv1_3.v" \
# "../../../../../../../GNNacc/eyeriss/eyeriss_qgl.v" \
# "
